17:38:47,258  INFO Domino:89 - ================================================================================
17:38:47,260  INFO Domino:89 - starting client
17:38:47,262 DEBUG Domino:70 - CWD = /Users/micahlinnemeier/dev/projects/botharetotallyenraged_all/botharetotallyenraged-staging-copy
17:38:47,263  INFO Domino:89 - executing command: 
17:38:58,418  INFO Domino:89 - ================================================================================
17:38:58,420  INFO Domino:89 - starting client
17:38:58,423 DEBUG Domino:70 - CWD = /Users/micahlinnemeier/dev/projects/botharetotallyenraged_all/botharetotallyenraged-staging-copy
17:38:58,424  INFO Domino:89 - executing command: login
17:38:58,427 DEBUG LoginCommand:70 - logging in to host: https://api.dominoup.com
17:39:07,891  INFO ClientControllerProxy:89 - getting auth info from https://api.dominoup.com/loginFromInstaller
17:39:09,851 DEBUG ClientControllerProxy:70 - response from server: {"username" : "mwlinnem", "is_cloud_hosted" : true, "host" : "https:\/\/api.dominoup.com", "user_id" : "53bdc2dbe4b08615e743764d", "api_key" : "ySaIivwIxxCzEuY4jT0hZlK8AA7z2j49wjZLar94xXjBsPLXv1GjytgpoUfyQgpB"}
17:39:09,993 DEBUG LoginCommand:70 - response from server: InstallConfig(https://api.dominoup.com,53bdc2dbe4b08615e743764d,mwlinnem,ySaIivwIxxCzEuY4jT0hZlK8AA7z2j49wjZLar94xXjBsPLXv1GjytgpoUfyQgpB,true,None)
17:39:09,998 DEBUG LoginCommand:70 - parsed username/id: {"username" : "mwlinnem", "is_cloud_hosted" : true, "host" : "https:\/\/api.dominoup.com", "user_id" : "53bdc2dbe4b08615e743764d", "api_key" : "ySaIivwIxxCzEuY4jT0hZlK8AA7z2j49wjZLar94xXjBsPLXv1GjytgpoUfyQgpB"}
17:40:08,295  INFO Domino:89 - ================================================================================
17:40:08,297  INFO Domino:89 - starting client
17:40:08,299 DEBUG Domino:70 - CWD = /Users/micahlinnemeier/dev/projects/botharetotallyenraged_all/botharetotallyenraged-staging-copy
17:40:08,300  INFO Domino:89 - executing command: login
17:40:08,304 DEBUG LoginCommand:70 - logging in to host: https://api.dominoup.com
17:40:16,118  INFO ClientControllerProxy:89 - getting auth info from https://api.dominoup.com/loginFromInstaller
17:40:17,503 DEBUG ClientControllerProxy:70 - response from server: {"username" : "mwlinnem", "is_cloud_hosted" : true, "host" : "https:\/\/api.dominoup.com", "user_id" : "53bdc2dbe4b08615e743764d", "api_key" : "ySaIivwIxxCzEuY4jT0hZlK8AA7z2j49wjZLar94xXjBsPLXv1GjytgpoUfyQgpB"}
17:40:17,639 DEBUG LoginCommand:70 - response from server: InstallConfig(https://api.dominoup.com,53bdc2dbe4b08615e743764d,mwlinnem,ySaIivwIxxCzEuY4jT0hZlK8AA7z2j49wjZLar94xXjBsPLXv1GjytgpoUfyQgpB,true,None)
17:40:17,644 DEBUG LoginCommand:70 - parsed username/id: {"username" : "mwlinnem", "is_cloud_hosted" : true, "host" : "https:\/\/api.dominoup.com", "user_id" : "53bdc2dbe4b08615e743764d", "api_key" : "ySaIivwIxxCzEuY4jT0hZlK8AA7z2j49wjZLar94xXjBsPLXv1GjytgpoUfyQgpB"}
